

# SOFTSUSY3.6.1 SLHA compliant output
# B.C. Allanach, Comput. Phys. Commun. 143 (2002) 305-331, hep-ph/0104145
Block SPINFO          # Program information
     1    SOFTSUSY    # spectrum calculator
     2    3.6.1       # version number
Block MODSEL  # Select model
     1    0   # nonUniversal
Block SMINPUTS             # Standard Model inputs
     1    1.27934000e+02   # alpha_em^(-1)(MZ) SM MSbar
     2    1.16637000e-05   # G_Fermi
     3    1.17200000e-01   # alpha_s(MZ)MSbar
     4    9.11876000e+01   # MZ(pole)
     5    4.25000000e+00   # mb(mb)
     6    1.73300000e+02   # Mtop(pole)
     7    1.77700000e+00   # Mtau(pole)
Block MINPAR               # SUSY breaking input parameters
     3    1.00000000e+01   # tanb, DRbar, Feynman gauge
Block EXTPAR               # non-universal SUSY breaking parameters
     0    -1.00000000e+00  # Set MX=MSUSY
     1     2.80000000e+02  # M_1(MX)
     2     2.90000000e+02  # M_2(MX)
     3     5.00000000e+03  # M_3(MX)
     11    0.00000000e+00  # At(MX)
     12    0.00000000e+00  # Ab(MX)
     13    0.00000000e+00  # Atau(MX)
     23    3.00000000e+02  # mu(MX)
     26    5.00000000e+03  # mA(pole)
     31    5.00000000e+03  # meL(MX)
     32    5.00000000e+03  # mmuL(MX)
     33    5.00000000e+03  # mtauL(MX)
     34    5.00000000e+03  # meR(MX)
     35    5.00000000e+03  # mmuR(MX)
     36    5.00000000e+03  # mtauR(MX)
     41    5.00000000e+03  # mqL1(MX)
     42    5.00000000e+03  # mqL2(MX)
     43    5.00000000e+03  # mqL3(MX)
     44    5.00000000e+03  # muR(MX)
     45    5.00000000e+03  # mcR(MX)
     46    5.00000000e+03  # mtR(MX)
     47    5.00000000e+03  # mdR(MX)
     48    5.00000000e+03  # msR(MX)
     49    5.00000000e+03  # mbR(MX)
# SOFTSUSY-specific non SLHA information:
# MIXING=0 Desired accuracy=1.00000000e-03 Achieved accuracy=6.17365905e-05
Block MASS                      # Mass spectrum
# PDG code     mass             particle
        24     8.03828269e+01   # MW
        25     1.23721699e+02   # h0
        35     5.00001450e+03   # H0
        36     4.99999960e+03   # A0
        37     5.00106632e+03   # H+
   1000021     5.27583016e+03   # ~g
   1000022     2000   # ~neutralino(1)
   1000023     2000   # ~neutralino(2)
   1000025     2000   # ~neutralino(3)
   1000035     2000   # ~neutralino(4)
   1000024     1500   # ~chargino(1)   
   1000037     2000   # ~chargino(2)
   1000001     5999   # ~d_L
   1000002     5999   # ~u_L
   1000003     5999   # ~s_L
   1000004     5999   # ~c_L
   1000005     5999   # ~b_1
   1000006     5999   # ~t_1
   1000011     5999   # ~e_L
   1000012     5999   # ~nue_L
   1000013     5999   # ~mu_L
   1000014     5999   # ~numu_L
   1000015     5999   # ~stau_1
   1000016     5999   # ~nu_tau_L
   2000001     5999   # ~d_R
   2000002     5999   # ~u_R
   2000003     5999   # ~s_R
   2000004     5999   # ~c_R
   2000005     5999   # ~b_2
   2000006     5999   # ~t_2
   2000011     5999   # ~e_R
   2000013     5999   # ~mu_R
   2000015     5999   # ~stau_2
Block alpha                     # Effective Higgs mixing parameter
          -1.05326799e-01       # alpha - evaluated at p^2=0
Block nmix                  # neutralino mixing matrix
  1  1     1.0   # N_11
  1  2     0.0   # N_12
  1  3     0.0   # N_13
  1  4     0.0   # N_14
  2  1     0.0   # N_21
  2  2     1.0   # N_22
  2  3     0.0   # N_23
  2  4     0.0   # N_24
  3  1     0.0   # N_31
  3  2     0.0   # N_32
  3  3     1.0   # N_33
  3  4     0.0   # N_34
  4  1     0.0   # N_41
  4  2     0.0   # N_42
  4  3     0.0   # N_43
  4  4     1.0   # N_44
Block Umix                  # chargino U mixing matrix 
  1  1    -0.143134936264    # U_11
  1  2    -0.989703182788    # U_12
  2  1    0.989703182788    # U_21
  2  2    -0.143134936264    # U_22
Block Vmix                  # chargino V mixing matrix 
  1  1    -0.542313596581    # V_11
  1  2    0.840176149961    # V_12
  2  1    -0.840176149961    # V_21
  2  2    -0.542313596581    # V_22
Block stopmix               # stop mixing matrix
  1  1     1.15156258e-01   # F_11
  1  2     9.93347390e-01   # F_12
  2  1     9.93347390e-01   # F_21
  2  2    -1.15156258e-01   # F_22
Block sbotmix               # sbottom mixing matrix
  1  1     9.99696809e-01   # F_11
  1  2     2.46229472e-02   # F_12
  2  1    -2.46229472e-02   # F_21
  2  2     9.99696809e-01   # F_22
Block staumix               # stau mixing matrix
  1  1     1.36416555e-01   # F_11
  1  2     9.90651565e-01   # F_12
  2  1     9.90651565e-01   # F_21
  2  2    -1.36416555e-01   # F_22
Block gauge Q= 5.00173615e+03  # SM gauge couplings
     1     3.66174627e-01   # g'(Q)MSSM DRbar
     2     6.41230998e-01   # g(Q)MSSM DRbar
     3     9.83379571e-01   # g3(Q)MSSM DRbar
Block yu Q= 5.00173615e+03  
  3  3     8.22475532e-01   # Yt(Q)MSSM DRbar
Block yd Q= 5.00173615e+03  
  3  3     1.28440097e-01   # Yb(Q)MSSM DRbar
Block ye Q= 5.00173615e+03  
  3  3     9.80771750e-02   # Ytau(Q)MSSM DRbar
Block hmix Q= 5.00173615e+03 # Higgs mixing parameters
     1     3.00000000e+02    # mu(Q)MSSM DRbar
     2     9.46875110e+00    # tan beta(Q)MSSM DRbar Feynman gauge
     3     2.40119137e+02    # higgs vev(Q)MSSM DRbar Feynman gauge
     4     2.48604720e+07    # mA^2(Q)MSSM DRbar
Block msoft Q= 5.00173615e+03  # MSSM DRbar SUSY breaking parameters
     1     2.80000000e+02      # M_1(Q)
     2     2.90000000e+02      # M_2(Q)
     3     5.00000000e+03      # M_3(Q)
    21     2.45919951e+07      # mH1^2(Q)
    22     8.37809441e+05      # mH2^2(Q)
    31     5.00000000e+03      # meL(Q)
    32     5.00000000e+03      # mmuL(Q)
    33     5.00000000e+03      # mtauL(Q)
    34     5.00000000e+03      # meR(Q)
    35     5.00000000e+03      # mmuR(Q)
    36     5.00000000e+03      # mtauR(Q)
    41     4.99999997e+03      # mqL1(Q)
    42     4.99999997e+03      # mqL2(Q)
    43     4.99999996e+03      # mqL3(Q)
    44     4.99999997e+03      # muR(Q)
    45     4.99999997e+03      # mcR(Q)
    46     4.99999994e+03      # mtR(Q)
    47     4.99999997e+03      # mdR(Q)
    48     4.99999997e+03      # msR(Q)
    49     4.99999997e+03      # mbR(Q)
Block au Q= 5.00173615e+03  
  1  1     2.91282396e-05      # Au(Q)MSSM DRbar
  2  2     2.91286552e-05      # Ac(Q)MSSM DRbar
  3  3     5.09381165e-05      # At(Q)MSSM DRbar
Block ad Q= 5.00173615e+03  
  1  1     7.57957895e-06      # Ad(Q)MSSM DRbar
  2  2     7.58001385e-06      # As(Q)MSSM DRbar
  3  3     1.49253965e-05      # Ab(Q)MSSM DRbar
Block ae Q= 5.00173615e+03  
  1  1     7.12153835e-07      # Ae(Q)MSSM DRbar
  2  2     7.12162891e-07      # Amu(Q)MSSM DRbar
  3  3     7.14829898e-07      # Atau(Q)MSSM DRbar